Compiling code for argon

Including:
    components\mlkem\clean1024\api.h
    components\mlkem\clean1024\cbd.c
    components\mlkem\clean1024\cbd.h
    components\mlkem\clean1024\compat.h
    components\mlkem\clean1024\fips202.c
    components\mlkem\clean1024\fips202.h
    components\mlkem\clean1024\indcpa.c
    components\mlkem\clean1024\indcpa.h
    components\mlkem\clean1024\kem.c
    components\mlkem\clean1024\kem.h
    components\mlkem\clean1024\ntt.c
    components\mlkem\clean1024\ntt.h
    components\mlkem\clean1024\params.h
    components\mlkem\clean1024\poly.c
    components\mlkem\clean1024\poly.h
    components\mlkem\clean1024\polyvec.c
    components\mlkem\clean1024\polyvec.h
    components\mlkem\clean1024\randombytes.c
    components\mlkem\clean1024\randombytes.h
    components\mlkem\clean1024\reduce.c
    components\mlkem\clean1024\reduce.h
    components\mlkem\clean1024\symmetric-shake.c
    components\mlkem\clean1024\symmetric.h
    components\mlkem\clean1024\verify.c
    components\mlkem\clean1024\verify.h
    components\mlkem\clean512\api.h
    components\mlkem\clean512\cbd.c
    components\mlkem\clean512\cbd.h
    components\mlkem\clean512\compat.h
    components\mlkem\clean512\fips202.c
    components\mlkem\clean512\fips202.h
    components\mlkem\clean512\indcpa.c
    components\mlkem\clean512\indcpa.h
    components\mlkem\clean512\kem.c
    components\mlkem\clean512\kem.h
    components\mlkem\clean512\ntt.c
    components\mlkem\clean512\ntt.h
    components\mlkem\clean512\params.h
    components\mlkem\clean512\poly.c
    components\mlkem\clean512\poly.h
    components\mlkem\clean512\polyvec.c
    components\mlkem\clean512\polyvec.h
    components\mlkem\clean512\randombytes.c
    components\mlkem\clean512\randombytes.h
    components\mlkem\clean512\reduce.c
    components\mlkem\clean512\reduce.h
    components\mlkem\clean512\symmetric-shake.c
    components\mlkem\clean512\symmetric.h
    components\mlkem\clean512\verify.c
    components\mlkem\clean512\verify.h
    components\mlkem\clean768\api.h
    components\mlkem\clean768\cbd.c
    components\mlkem\clean768\cbd.h
    components\mlkem\clean768\compat.h
    components\mlkem\clean768\fips202.c
    components\mlkem\clean768\fips202.h
    components\mlkem\clean768\indcpa.c
    components\mlkem\clean768\indcpa.h
    components\mlkem\clean768\kem.c
    components\mlkem\clean768\kem.h
    components\mlkem\clean768\ntt.c
    components\mlkem\clean768\ntt.h
    components\mlkem\clean768\params.h
    components\mlkem\clean768\poly.c
    components\mlkem\clean768\poly.h
    components\mlkem\clean768\polyvec.c
    components\mlkem\clean768\polyvec.h
    components\mlkem\clean768\randombytes.c
    components\mlkem\clean768\randombytes.h
    components\mlkem\clean768\reduce.c
    components\mlkem\clean768\reduce.h
    components\mlkem\clean768\symmetric-shake.c
    components\mlkem\clean768\symmetric.h
    components\mlkem\clean768\verify.c
    components\mlkem\clean768\verify.h
    components\mlkem\include\mlkem.h
    components\mlkem\src\mlkem.c
    project.properties
    src\MQTT_communication.cpp
    src\UART_communication.cpp
    src\main.cpp
    src\queue.cpp
    src\transport.h

Compile failed: Checking library MQTT...
Installing library MQTT 0.4.32 to lib/MQTT ...
Library MQTT 0.4.32 installed.
make -C ../modules/argon/user-part all
make[1]: Entering directory `/firmware/modules/argon/user-part'

mkdir -p target/
make -f ../../../modules/shared/nRF52840/build_linker_script.mk PREBUILD=1
make[2]: Entering directory `/firmware/modules/argon/user-part'
Creating target/platform_user_ram.ld ...
make[2]: Leaving directory `/firmware/modules/argon/user-part'

make -C ../../../user 
make[2]: Entering directory `/firmware/user'
Building cpp file: src/MQTT_communication.cpp
Invoking: ARM GCC CPP Compiler
mkdir -p ../build/target/user/platform-12-msrc/
arm-none-eabi-gcc -DMCU_DEVICE -DnRF52840 -DNRF52840_XXAA -DPLATFORM_THREADING=1 -DPLATFORM_ID=12 -DPLATFORM_NAME=argon -DPLATFORM_GEN=3 -DUSBD_VID_PARTICLE=0x2B04 -DUSBD_PID_DFU=0xD00C -DUSBD_PID_CDC=0xC00C -DSPARK_PLATFORM -fno-builtin-puts -fno-builtin-printf -Wl,--wrap=puts -Wl,--wrap=printf -Wl,--wrap=_printf_i -Wl,--wrap=_svfprintf_r -Wl,--wrap=_scanf_i -Wl,--wrap=__ssvfscanf_r -g3 -gdwarf-2 -Os -mcpu=cortex-m4 -mthumb -mabi=aapcs -mfloat-abi=hard -mfpu=fpv4-sp-d16 -DARM_CPU_CORTEX_M4 --specs=nano.specs -DINCLUDE_PLATFORM=1 -DSOFTDEVICE_PRESENT=1 -DS140 -DPRODUCT_ID=12 -DPRODUCT_FIRMWARE_VERSION=65535 -D_WIZCHIP_=W5500 -DUSE_STDPERIPH_DRIVER -DDFU_BUILD_ENABLE -DLFS_CONFIG=lfs_config.h -DSYSTEM_VERSION_STRING=6.3.4 -DRELEASE_BUILD -I./inc -I../wiring/inc -I../system/inc -I../services/inc -I../third_party/nanopb/nanopb -I../communication/inc -I../hal/inc -I../hal/src/argon -I../hal/network/lwip/esp32 -I../hal/network/ncp/wifi -I../hal/src/nRF52840 -I../hal/src/armv7 -I../hal/src/portable/FreeRTOS -I../hal/src/nRF52840 -I../hal/src/nRF52840/lwip -I../hal/src/nRF52840/freertos -I../hal/src/nRF52840/mbedtls -I../hal/src/nRF52840/littlefs -I../hal -I../hal/src/nRF52840/posix -I../hal/network -I../hal/network/api -I../hal/network/lwip -I../hal/network/lwip/posix -I../hal/network/lwip/wiznet -I../hal/network/ncp -I../hal/network/ncp/at_parser -I../hal/network/util -I../third_party/lwip/lwip/src/include -I../third_party/freertos/freertos/FreeRTOS/Source/include -I../third_party/nrf5_sdk/nrf5_sdk/external/freertos/portable/GCC/nrf52 -I../third_party/nrf5_sdk/nrf5_sdk/external/freertos/portable/CMSIS/nrf52 -I../third_party/wiznet_driver/wiznet_driver/Ethernet -I../gsm0710muxer/gsm0710muxer/include -I../hal/shared -I../platform/shared/inc -I../third_party/nrf5_sdk -I../third_party/nrf5_sdk/nrf5_sdk/components/toolchain/cmsis/include -I../third_party/nrf5_sdk/nrf5_sdk/modules/nrfx -I../third_party/nrf5_sdk/nrf5_sdk/modules/nrfx/drivers -I../third_party/nrf5_sdk/nrf5_sdk/modules/nrfx/drivers/include -I../third_party/nrf5_sdk/nrf5_sdk/modules/nrfx/hal -I../third_party/nrf5_sdk/nrf5_sdk/modules/nrfx/mdk -I../third_party/nrf5_sdk/nrf5_sdk/modules/nrfx/hal -I../third_party/nrf5_sdk/nrf5_sdk/modules/nrfx/drivers/src/prs -I../third_party/nrf5_sdk/nrf5_sdk/components/libraries/util -I../third_party/nrf5_sdk/nrf5_sdk/components/softdevice/s140/headers -I../third_party/nrf5_sdk/nrf5_sdk/components/softdevice/s140/headers/nrf52 -I../third_party/nrf5_sdk/nrf5_sdk/components/softdevice/common -I../third_party/nrf5_sdk/nrf5_sdk/components/softdevice/mbr/nrf52840/headers -I../third_party/nrf5_sdk/nrf5_sdk/components/libraries/fstorage -I../third_party/nrf5_sdk/nrf5_sdk/components/libraries/experimental_section_vars -I../third_party/nrf5_sdk/nrf5_sdk/components/libraries/atomic -I../third_party/nrf5_sdk/nrf5_sdk/components/libraries/crc32 -I../third_party/nrf5_sdk/nrf5_sdk/integration/nrfx/legacy -I../third_party/nrf5_sdk/nrf5_sdk/components/libraries/delay -I../third_party/nrf5_sdk/nrf5_sdk/components/libraries/log -I../third_party/nrf5_sdk/nrf5_sdk/components/libraries/log -I../third_party/nrf5_sdk/nrf5_sdk/components/libraries/log/src -I../third_party/nrf5_sdk/nrf5_sdk/components/libraries/experimental_section_vars -I../third_party/nrf5_sdk/nrf5_sdk/components/libraries/atomic -I../third_party/nrf5_sdk/nrf5_sdk/components/libraries/delay -I../third_party/nrf5_sdk/nrf5_sdk/components/libraries/queue -I../third_party/nrf5_sdk/nrf5_sdk/components/softdevice/common -I../third_party/nrf5_sdk/nrf5_sdk/components/softdevice/s140 -I../third_party/nrf5_sdk/nrf5_sdk/components/softdevice/s140/headers -I../third_party/nrf5_sdk/nrf5_sdk/components/softdevice/s140/headers/nrf52 -I../third_party/nrf5_sdk/nrf5_sdk/components/libraries/fifo -I../third_party/nrf5_sdk/nrf5_sdk/components/libraries/atomic_fifo -I../third_party/nrf5_sdk/nrf5_sdk/components/libraries/strerror -I../third_party/nrf5_sdk/nrf5_sdk/components/libraries/fstorage -I../third_party/nrf5_sdk/nrf5_sdk/components/libraries/atomic_flags -I../third_party/nrf5_sdk/nrf5_sdk/components/libraries/usbd -I../third_party/nrf5_sdk/nrf5_sdk/components/libraries/usbd/class/cdc -I../third_party/nrf5_sdk/nrf5_sdk/components/libraries/usbd/class/cdc/acm -I../third_party/nrf5_sdk/nrf5_sdk/components/ble/common -I../third_party/nrf5_sdk/nrf5_sdk/components/ble/nrf_ble_gatt -I../third_party/nrf5_sdk/nrf5_sdk/components/ble/ble_advertising -I../third_party/nrf5_sdk/nrf5_sdk/components/nfc/t2t_lib -I../third_party/nrf5_sdk/nrf5_sdk/components/nfc/platform -I../third_party/nrf5_sdk/nrf5_sdk/components/nfc/ndef/generic/message -I../third_party/nrf5_sdk/nrf5_sdk/components/nfc/ndef/generic/record -I../third_party/nrf5_sdk/nrf5_sdk/components/nfc/ndef/lauchapp -I../third_party/nrf5_sdk/nrf5_sdk/components/nfc/ndef/text -I../third_party/nrf5_sdk/nrf5_sdk/components/nfc/ndef/uri -I../third_party/nrf5_sdk/nrf5_sdk/external/nrf_cc310/include -I../third_party/nrf5_sdk/nrf5_sdk/external/utf_converter -I../third_party/littlefs/littlefs -I../third_party/miniz/miniz -I../platform/MCU/nRF52840/inc -I../dynalib/inc -I../hal/shared -Isrc -I./libraries -Ilib/MQTT/src -I. -MD -MP -MF ../build/target/user/platform-12-msrc/MQTT_communication.o.d -ffunction-sections -fdata-sections -Wall -Wno-switch -fmessage-length=0 -Wno-error=deprecated-declarations -Wno-error=unused-parameter -Wdeprecated-declarations -Wimplicit-fallthrough=2 -Wno-expansion-to-defined -Wno-cast-function-type -Wno-unused-parameter -Wno-error=type-limits -fno-strict-aliasing -DSPARK=1 -DPARTICLE=1 -Werror=return-type -Wundef -DSTART_DFU_FLASHER_SERIAL_SPEED=14400 -DSPARK_PLATFORM_NET=ESP32 -fno-builtin-malloc -fno-builtin-free -fno-builtin-realloc  -DLOG_INCLUDE_SOURCE_INFO=1 -DPARTICLE_USER_MODULE -DUSER_FIRMWARE_IMAGE_SIZE=0x40000 -DUSER_FIRMWARE_IMAGE_LOCATION=0xB4000 -DMODULAR_FIRMWARE=1 -DMODULE_VERSION=6 -DMODULE_FUNCTION=5 -DMODULE_INDEX=2 -DMODULE_DEPENDENCY=4,1,6305 -DMODULE_DEPENDENCY2=0,0,0 -D_GNU_SOURCE -DLOG_MODULE_CATEGORY="\"app\""  -fno-exceptions -fno-rtti -fcheck-new -flto -ffat-lto-objects -DPARTICLE_COMPILE_LTO_FAT -fno-use-cxa-atexit -std=gnu++17 -D__FILE_NAME__=\"MQTT_communication.cpp\" -c -o ../build/target/user/platform-12-msrc/MQTT_communication.o src/MQTT_communication.cpp

Building cpp file: src/UART_communication.cpp
Invoking: ARM GCC CPP Compiler
mkdir -p ../build/target/user/platform-12-msrc/
arm-none-eabi-gcc -DMCU_DEVICE -DnRF52840 -DNRF52840_XXAA -DPLATFORM_THREADING=1 -DPLATFORM_ID=12 -DPLATFORM_NAME=argon -DPLATFORM_GEN=3 -DUSBD_VID_PARTICLE=0x2B04 -DUSBD_PID_DFU=0xD00C -DUSBD_PID_CDC=0xC00C -DSPARK_PLATFORM -fno-builtin-puts -fno-builtin-printf -Wl,--wrap=puts -Wl,--wrap=printf -Wl,--wrap=_printf_i -Wl,--wrap=_svfprintf_r -Wl,--wrap=_scanf_i -Wl,--wrap=__ssvfscanf_r -g3 -gdwarf-2 -Os -mcpu=cortex-m4 -mthumb -mabi=aapcs -mfloat-abi=hard -mfpu=fpv4-sp-d16 -DARM_CPU_CORTEX_M4 --specs=nano.specs -DINCLUDE_PLATFORM=1 -DSOFTDEVICE_PRESENT=1 -DS140 -DPRODUCT_ID=12 -DPRODUCT_FIRMWARE_VERSION=65535 -D_WIZCHIP_=W5500 -DUSE_STDPERIPH_DRIVER -DDFU_BUILD_ENABLE -DLFS_CONFIG=lfs_config.h -DSYSTEM_VERSION_STRING=6.3.4 -DRELEASE_BUILD -I./inc -I../wiring/inc -I../system/inc -I../services/inc -I../third_party/nanopb/nanopb -I../communication/inc -I../hal/inc -I../hal/src/argon -I../hal/network/lwip/esp32 -I../hal/network/ncp/wifi -I../hal/src/nRF52840 -I../hal/src/armv7 -I../hal/src/portable/FreeRTOS -I../hal/src/nRF52840 -I../hal/src/nRF52840/lwip -I../hal/src/nRF52840/freertos -I../hal/src/nRF52840/mbedtls -I../hal/src/nRF52840/littlefs -I../hal -I../hal/src/nRF52840/posix -I../hal/network -I../hal/network/api -I../hal/network/lwip -I../hal/network/lwip/posix -I../hal/network/lwip/wiznet -I../hal/network/ncp -I../hal/network/ncp/at_parser -I../hal/network/util -I../third_party/lwip/lwip/src/include -I../third_party/freertos/freertos/FreeRTOS/Source/include -I../third_party/nrf5_sdk/nrf5_sdk/external/freertos/portable/GCC/nrf52 -I../third_party/nrf5_sdk/nrf5_sdk/external/freertos/portable/CMSIS/nrf52 -I../third_party/wiznet_driver/wiznet_driver/Ethernet -I../gsm0710muxer/gsm0710muxer/include -I../hal/shared -I../platform/shared/inc -I../third_party/nrf5_sdk -I../third_party/nrf5_sdk/nrf5_sdk/components/toolchain/cmsis/include -I../third_party/nrf5_sdk/nrf5_sdk/modules/nrfx -I../third_party/nrf5_sdk/nrf5_sdk/modules/nrfx/drivers -I../third_party/nrf5_sdk/nrf5_sdk/modules/nrfx/drivers/include -I../third_party/nrf5_sdk/nrf5_sdk/modules/nrfx/hal -I../third_party/nrf5_sdk/nrf5_sdk/modules/nrfx/mdk -I../third_party/nrf5_sdk/nrf5_sdk/modules/nrfx/hal -I../third_party/nrf5_sdk/nrf5_sdk/modules/nrfx/drivers/src/prs -I../third_party/nrf5_sdk/nrf5_sdk/components/libraries/util -I../third_party/nrf5_sdk/nrf5_sdk/components/softdevice/s140/headers -I../third_party/nrf5_sdk/nrf5_sdk/components/softdevice/s140/headers/nrf52 -I../third_party/nrf5_sdk/nrf5_sdk/components/softdevice/common -I../third_party/nrf5_sdk/nrf5_sdk/components/softdevice/mbr/nrf52840/headers -I../third_party/nrf5_sdk/nrf5_sdk/components/libraries/fstorage -I../third_party/nrf5_sdk/nrf5_sdk/components/libraries/experimental_section_vars -I../third_party/nrf5_sdk/nrf5_sdk/components/libraries/atomic -I../third_party/nrf5_sdk/nrf5_sdk/components/libraries/crc32 -I../third_party/nrf5_sdk/nrf5_sdk/integration/nrfx/legacy -I../third_party/nrf5_sdk/nrf5_sdk/components/libraries/delay -I../third_party/nrf5_sdk/nrf5_sdk/components/libraries/log -I../third_party/nrf5_sdk/nrf5_sdk/components/libraries/log -I../third_party/nrf5_sdk/nrf5_sdk/components/libraries/log/src -I../third_party/nrf5_sdk/nrf5_sdk/components/libraries/experimental_section_vars -I../third_party/nrf5_sdk/nrf5_sdk/components/libraries/atomic -I../third_party/nrf5_sdk/nrf5_sdk/components/libraries/delay -I../third_party/nrf5_sdk/nrf5_sdk/components/libraries/queue -I../third_party/nrf5_sdk/nrf5_sdk/components/softdevice/common -I../third_party/nrf5_sdk/nrf5_sdk/components/softdevice/s140 -I../third_party/nrf5_sdk/nrf5_sdk/components/softdevice/s140/headers -I../third_party/nrf5_sdk/nrf5_sdk/components/softdevice/s140/headers/nrf52 -I../third_party/nrf5_sdk/nrf5_sdk/components/libraries/fifo -I../third_party/nrf5_sdk/nrf5_sdk/components/libraries/atomic_fifo -I../third_party/nrf5_sdk/nrf5_sdk/components/libraries/strerror -I../third_party/nrf5_sdk/nrf5_sdk/components/libraries/fstorage -I../third_party/nrf5_sdk/nrf5_sdk/components/libraries/atomic_flags -I../third_party/nrf5_sdk/nrf5_sdk/components/libraries/usbd -I../third_party/nrf5_sdk/nrf5_sdk/components/libraries/usbd/class/cdc -I../third_party/nrf5_sdk/nrf5_sdk/components/libraries/usbd/class/cdc/acm -I../third_party/nrf5_sdk/nrf5_sdk/components/ble/common -I../third_party/nrf5_sdk/nrf5_sdk/components/ble/nrf_ble_gatt -I../third_party/nrf5_sdk/nrf5_sdk/components/ble/ble_advertising -I../third_party/nrf5_sdk/nrf5_sdk/components/nfc/t2t_lib -I../third_party/nrf5_sdk/nrf5_sdk/components/nfc/platform -I../third_party/nrf5_sdk/nrf5_sdk/components/nfc/ndef/generic/message -I../third_party/nrf5_sdk/nrf5_sdk/components/nfc/ndef/generic/record -I../third_party/nrf5_sdk/nrf5_sdk/components/nfc/ndef/lauchapp -I../third_party/nrf5_sdk/nrf5_sdk/components/nfc/ndef/text -I../third_party/nrf5_sdk/nrf5_sdk/components/nfc/ndef/uri -I../third_party/nrf5_sdk/nrf5_sdk/external/nrf_cc310/include -I../third_party/nrf5_sdk/nrf5_sdk/external/utf_converter -I../third_party/littlefs/littlefs -I../third_party/miniz/miniz -I../platform/MCU/nRF52840/inc -I../dynalib/inc -I../hal/shared -Isrc -I./libraries -Ilib/MQTT/src -I. -MD -MP -MF ../build/target/user/platform-12-msrc/UART_communication.o.d -ffunction-sections -fdata-sections -Wall -Wno-switch -fmessage-length=0 -Wno-error=deprecated-declarations -Wno-error=unused-parameter -Wdeprecated-declarations -Wimplicit-fallthrough=2 -Wno-expansion-to-defined -Wno-cast-function-type -Wno-unused-parameter -Wno-error=type-limits -fno-strict-aliasing -DSPARK=1 -DPARTICLE=1 -Werror=return-type -Wundef -DSTART_DFU_FLASHER_SERIAL_SPEED=14400 -DSPARK_PLATFORM_NET=ESP32 -fno-builtin-malloc -fno-builtin-free -fno-builtin-realloc  -DLOG_INCLUDE_SOURCE_INFO=1 -DPARTICLE_USER_MODULE -DUSER_FIRMWARE_IMAGE_SIZE=0x40000 -DUSER_FIRMWARE_IMAGE_LOCATION=0xB4000 -DMODULAR_FIRMWARE=1 -DMODULE_VERSION=6 -DMODULE_FUNCTION=5 -DMODULE_INDEX=2 -DMODULE_DEPENDENCY=4,1,6305 -DMODULE_DEPENDENCY2=0,0,0 -D_GNU_SOURCE -DLOG_MODULE_CATEGORY="\"app\""  -fno-exceptions -fno-rtti -fcheck-new -flto -ffat-lto-objects -DPARTICLE_COMPILE_LTO_FAT -fno-use-cxa-atexit -std=gnu++17 -D__FILE_NAME__=\"UART_communication.cpp\" -c -o ../build/target/user/platform-12-msrc/UART_communication.o src/UART_communication.cpp

Building cpp file: src/queue.cpp
Invoking: ARM GCC CPP Compiler
mkdir -p ../build/target/user/platform-12-msrc/
arm-none-eabi-gcc -DMCU_DEVICE -DnRF52840 -DNRF52840_XXAA -DPLATFORM_THREADING=1 -DPLATFORM_ID=12 -DPLATFORM_NAME=argon -DPLATFORM_GEN=3 -DUSBD_VID_PARTICLE=0x2B04 -DUSBD_PID_DFU=0xD00C -DUSBD_PID_CDC=0xC00C -DSPARK_PLATFORM -fno-builtin-puts -fno-builtin-printf -Wl,--wrap=puts -Wl,--wrap=printf -Wl,--wrap=_printf_i -Wl,--wrap=_svfprintf_r -Wl,--wrap=_scanf_i -Wl,--wrap=__ssvfscanf_r -g3 -gdwarf-2 -Os -mcpu=cortex-m4 -mthumb -mabi=aapcs -mfloat-abi=hard -mfpu=fpv4-sp-d16 -DARM_CPU_CORTEX_M4 --specs=nano.specs -DINCLUDE_PLATFORM=1 -DSOFTDEVICE_PRESENT=1 -DS140 -DPRODUCT_ID=12 -DPRODUCT_FIRMWARE_VERSION=65535 -D_WIZCHIP_=W5500 -DUSE_STDPERIPH_DRIVER -DDFU_BUILD_ENABLE -DLFS_CONFIG=lfs_config.h -DSYSTEM_VERSION_STRING=6.3.4 -DRELEASE_BUILD -I./inc -I../wiring/inc -I../system/inc -I../services/inc -I../third_party/nanopb/nanopb -I../communication/inc -I../hal/inc -I../hal/src/argon -I../hal/network/lwip/esp32 -I../hal/network/ncp/wifi -I../hal/src/nRF52840 -I../hal/src/armv7 -I../hal/src/portable/FreeRTOS -I../hal/src/nRF52840 -I../hal/src/nRF52840/lwip -I../hal/src/nRF52840/freertos -I../hal/src/nRF52840/mbedtls -I../hal/src/nRF52840/littlefs -I../hal -I../hal/src/nRF52840/posix -I../hal/network -I../hal/network/api -I../hal/network/lwip -I../hal/network/lwip/posix -I../hal/network/lwip/wiznet -I../hal/network/ncp -I../hal/network/ncp/at_parser -I../hal/network/util -I../third_party/lwip/lwip/src/include -I../third_party/freertos/freertos/FreeRTOS/Source/include -I../third_party/nrf5_sdk/nrf5_sdk/external/freertos/portable/GCC/nrf52 -I../third_party/nrf5_sdk/nrf5_sdk/external/freertos/portable/CMSIS/nrf52 -I../third_party/wiznet_driver/wiznet_driver/Ethernet -I../gsm0710muxer/gsm0710muxer/include -I../hal/shared -I../platform/shared/inc -I../third_party/nrf5_sdk -I../third_party/nrf5_sdk/nrf5_sdk/components/toolchain/cmsis/include -I../third_party/nrf5_sdk/nrf5_sdk/modules/nrfx -I../third_party/nrf5_sdk/nrf5_sdk/modules/nrfx/drivers -I../third_party/nrf5_sdk/nrf5_sdk/modules/nrfx/drivers/include -I../third_party/nrf5_sdk/nrf5_sdk/modules/nrfx/hal -I../third_party/nrf5_sdk/nrf5_sdk/modules/nrfx/mdk -I../third_party/nrf5_sdk/nrf5_sdk/modules/nrfx/hal -I../third_party/nrf5_sdk/nrf5_sdk/modules/nrfx/drivers/src/prs -I../third_party/nrf5_sdk/nrf5_sdk/components/libraries/util -I../third_party/nrf5_sdk/nrf5_sdk/components/softdevice/s140/headers -I../third_party/nrf5_sdk/nrf5_sdk/components/softdevice/s140/headers/nrf52 -I../third_party/nrf5_sdk/nrf5_sdk/components/softdevice/common -I../third_party/nrf5_sdk/nrf5_sdk/components/softdevice/mbr/nrf52840/headers -I../third_party/nrf5_sdk/nrf5_sdk/components/libraries/fstorage -I../third_party/nrf5_sdk/nrf5_sdk/components/libraries/experimental_section_vars -I../third_party/nrf5_sdk/nrf5_sdk/components/libraries/atomic -I../third_party/nrf5_sdk/nrf5_sdk/components/libraries/crc32 -I../third_party/nrf5_sdk/nrf5_sdk/integration/nrfx/legacy -I../third_party/nrf5_sdk/nrf5_sdk/components/libraries/delay -I../third_party/nrf5_sdk/nrf5_sdk/components/libraries/log -I../third_party/nrf5_sdk/nrf5_sdk/components/libraries/log -I../third_party/nrf5_sdk/nrf5_sdk/components/libraries/log/src -I../third_party/nrf5_sdk/nrf5_sdk/components/libraries/experimental_section_vars -I../third_party/nrf5_sdk/nrf5_sdk/components/libraries/atomic -I../third_party/nrf5_sdk/nrf5_sdk/components/libraries/delay -I../third_party/nrf5_sdk/nrf5_sdk/components/libraries/queue -I../third_party/nrf5_sdk/nrf5_sdk/components/softdevice/common -I../third_party/nrf5_sdk/nrf5_sdk/components/softdevice/s140 -I../third_party/nrf5_sdk/nrf5_sdk/components/softdevice/s140/headers -I../third_party/nrf5_sdk/nrf5_sdk/components/softdevice/s140/headers/nrf52 -I../third_party/nrf5_sdk/nrf5_sdk/components/libraries/fifo -I../third_party/nrf5_sdk/nrf5_sdk/components/libraries/atomic_fifo -I../third_party/nrf5_sdk/nrf5_sdk/components/libraries/strerror -I../third_party/nrf5_sdk/nrf5_sdk/components/libraries/fstorage -I../third_party/nrf5_sdk/nrf5_sdk/components/libraries/atomic_flags -I../third_party/nrf5_sdk/nrf5_sdk/components/libraries/usbd -I../third_party/nrf5_sdk/nrf5_sdk/components/libraries/usbd/class/cdc -I../third_party/nrf5_sdk/nrf5_sdk/components/libraries/usbd/class/cdc/acm -I../third_party/nrf5_sdk/nrf5_sdk/components/ble/common -I../third_party/nrf5_sdk/nrf5_sdk/components/ble/nrf_ble_gatt -I../third_party/nrf5_sdk/nrf5_sdk/components/ble/ble_advertising -I../third_party/nrf5_sdk/nrf5_sdk/components/nfc/t2t_lib -I../third_party/nrf5_sdk/nrf5_sdk/components/nfc/platform -I../third_party/nrf5_sdk/nrf5_sdk/components/nfc/ndef/generic/message -I../third_party/nrf5_sdk/nrf5_sdk/components/nfc/ndef/generic/record -I../third_party/nrf5_sdk/nrf5_sdk/components/nfc/ndef/lauchapp -I../third_party/nrf5_sdk/nrf5_sdk/components/nfc/ndef/text -I../third_party/nrf5_sdk/nrf5_sdk/components/nfc/ndef/uri -I../third_party/nrf5_sdk/nrf5_sdk/external/nrf_cc310/include -I../third_party/nrf5_sdk/nrf5_sdk/external/utf_converter -I../third_party/littlefs/littlefs -I../third_party/miniz/miniz -I../platform/MCU/nRF52840/inc -I../dynalib/inc -I../hal/shared -Isrc -I./libraries -Ilib/MQTT/src -I. -MD -MP -MF ../build/target/user/platform-12-msrc/queue.o.d -ffunction-sections -fdata-sections -Wall -Wno-switch -fmessage-length=0 -Wno-error=deprecated-declarations -Wno-error=unused-parameter -Wdeprecated-declarations -Wimplicit-fallthrough=2 -Wno-expansion-to-defined -Wno-cast-function-type -Wno-unused-parameter -Wno-error=type-limits -fno-strict-aliasing -DSPARK=1 -DPARTICLE=1 -Werror=return-type -Wundef -DSTART_DFU_FLASHER_SERIAL_SPEED=14400 -DSPARK_PLATFORM_NET=ESP32 -fno-builtin-malloc -fno-builtin-free -fno-builtin-realloc  -DLOG_INCLUDE_SOURCE_INFO=1 -DPARTICLE_USER_MODULE -DUSER_FIRMWARE_IMAGE_SIZE=0x40000 -DUSER_FIRMWARE_IMAGE_LOCATION=0xB4000 -DMODULAR_FIRMWARE=1 -DMODULE_VERSION=6 -DMODULE_FUNCTION=5 -DMODULE_INDEX=2 -DMODULE_DEPENDENCY=4,1,6305 -DMODULE_DEPENDENCY2=0,0,0 -D_GNU_SOURCE -DLOG_MODULE_CATEGORY="\"app\""  -fno-exceptions -fno-rtti -fcheck-new -flto -ffat-lto-objects -DPARTICLE_COMPILE_LTO_FAT -fno-use-cxa-atexit -std=gnu++17 -D__FILE_NAME__=\"queue.cpp\" -c -o ../build/target/user/platform-12-msrc/queue.o src/queue.cpp

Building cpp file: src/main.cpp
Invoking: ARM GCC CPP Compiler
mkdir -p ../build/target/user/platform-12-msrc/
arm-none-eabi-gcc -DMCU_DEVICE -DnRF52840 -DNRF52840_XXAA -DPLATFORM_THREADING=1 -DPLATFORM_ID=12 -DPLATFORM_NAME=argon -DPLATFORM_GEN=3 -DUSBD_VID_PARTICLE=0x2B04 -DUSBD_PID_DFU=0xD00C -DUSBD_PID_CDC=0xC00C -DSPARK_PLATFORM -fno-builtin-puts -fno-builtin-printf -Wl,--wrap=puts -Wl,--wrap=printf -Wl,--wrap=_printf_i -Wl,--wrap=_svfprintf_r -Wl,--wrap=_scanf_i -Wl,--wrap=__ssvfscanf_r -g3 -gdwarf-2 -Os -mcpu=cortex-m4 -mthumb -mabi=aapcs -mfloat-abi=hard -mfpu=fpv4-sp-d16 -DARM_CPU_CORTEX_M4 --specs=nano.specs -DINCLUDE_PLATFORM=1 -DSOFTDEVICE_PRESENT=1 -DS140 -DPRODUCT_ID=12 -DPRODUCT_FIRMWARE_VERSION=65535 -D_WIZCHIP_=W5500 -DUSE_STDPERIPH_DRIVER -DDFU_BUILD_ENABLE -DLFS_CONFIG=lfs_config.h -DSYSTEM_VERSION_STRING=6.3.4 -DRELEASE_BUILD -I./inc -I../wiring/inc -I../system/inc -I../services/inc -I../third_party/nanopb/nanopb -I../communication/inc -I../hal/inc -I../hal/src/argon -I../hal/network/lwip/esp32 -I../hal/network/ncp/wifi -I../hal/src/nRF52840 -I../hal/src/armv7 -I../hal/src/portable/FreeRTOS -I../hal/src/nRF52840 -I../hal/src/nRF52840/lwip -I../hal/src/nRF52840/freertos -I../hal/src/nRF52840/mbedtls -I../hal/src/nRF52840/littlefs -I../hal -I../hal/src/nRF52840/posix -I../hal/network -I../hal/network/api -I../hal/network/lwip -I../hal/network/lwip/posix -I../hal/network/lwip/wiznet -I../hal/network/ncp -I../hal/network/ncp/at_parser -I../hal/network/util -I../third_party/lwip/lwip/src/include -I../third_party/freertos/freertos/FreeRTOS/Source/include -I../third_party/nrf5_sdk/nrf5_sdk/external/freertos/portable/GCC/nrf52 -I../third_party/nrf5_sdk/nrf5_sdk/external/freertos/portable/CMSIS/nrf52 -I../third_party/wiznet_driver/wiznet_driver/Ethernet -I../gsm0710muxer/gsm0710muxer/include -I../hal/shared -I../platform/shared/inc -I../third_party/nrf5_sdk -I../third_party/nrf5_sdk/nrf5_sdk/components/toolchain/cmsis/include -I../third_party/nrf5_sdk/nrf5_sdk/modules/nrfx -I../third_party/nrf5_sdk/nrf5_sdk/modules/nrfx/drivers -I../third_party/nrf5_sdk/nrf5_sdk/modules/nrfx/drivers/include -I../third_party/nrf5_sdk/nrf5_sdk/modules/nrfx/hal -I../third_party/nrf5_sdk/nrf5_sdk/modules/nrfx/mdk -I../third_party/nrf5_sdk/nrf5_sdk/modules/nrfx/hal -I../third_party/nrf5_sdk/nrf5_sdk/modules/nrfx/drivers/src/prs -I../third_party/nrf5_sdk/nrf5_sdk/components/libraries/util -I../third_party/nrf5_sdk/nrf5_sdk/components/softdevice/s140/headers -I../third_party/nrf5_sdk/nrf5_sdk/components/softdevice/s140/headers/nrf52 -I../third_party/nrf5_sdk/nrf5_sdk/components/softdevice/common -I../third_party/nrf5_sdk/nrf5_sdk/components/softdevice/mbr/nrf52840/headers -I../third_party/nrf5_sdk/nrf5_sdk/components/libraries/fstorage -I../third_party/nrf5_sdk/nrf5_sdk/components/libraries/experimental_section_vars -I../third_party/nrf5_sdk/nrf5_sdk/components/libraries/atomic -I../third_party/nrf5_sdk/nrf5_sdk/components/libraries/crc32 -I../third_party/nrf5_sdk/nrf5_sdk/integration/nrfx/legacy -I../third_party/nrf5_sdk/nrf5_sdk/components/libraries/delay -I../third_party/nrf5_sdk/nrf5_sdk/components/libraries/log -I../third_party/nrf5_sdk/nrf5_sdk/components/libraries/log -I../third_party/nrf5_sdk/nrf5_sdk/components/libraries/log/src -I../third_party/nrf5_sdk/nrf5_sdk/components/libraries/experimental_section_vars -I../third_party/nrf5_sdk/nrf5_sdk/components/libraries/atomic -I../third_party/nrf5_sdk/nrf5_sdk/components/libraries/delay -I../third_party/nrf5_sdk/nrf5_sdk/components/libraries/queue -I../third_party/nrf5_sdk/nrf5_sdk/components/softdevice/common -I../third_party/nrf5_sdk/nrf5_sdk/components/softdevice/s140 -I../third_party/nrf5_sdk/nrf5_sdk/components/softdevice/s140/headers -I../third_party/nrf5_sdk/nrf5_sdk/components/softdevice/s140/headers/nrf52 -I../third_party/nrf5_sdk/nrf5_sdk/components/libraries/fifo -I../third_party/nrf5_sdk/nrf5_sdk/components/libraries/atomic_fifo -I../third_party/nrf5_sdk/nrf5_sdk/components/libraries/strerror -I../third_party/nrf5_sdk/nrf5_sdk/components/libraries/fstorage -I../third_party/nrf5_sdk/nrf5_sdk/components/libraries/atomic_flags -I../third_party/nrf5_sdk/nrf5_sdk/components/libraries/usbd -I../third_party/nrf5_sdk/nrf5_sdk/components/libraries/usbd/class/cdc -I../third_party/nrf5_sdk/nrf5_sdk/components/libraries/usbd/class/cdc/acm -I../third_party/nrf5_sdk/nrf5_sdk/components/ble/common -I../third_party/nrf5_sdk/nrf5_sdk/components/ble/nrf_ble_gatt -I../third_party/nrf5_sdk/nrf5_sdk/components/ble/ble_advertising -I../third_party/nrf5_sdk/nrf5_sdk/components/nfc/t2t_lib -I../third_party/nrf5_sdk/nrf5_sdk/components/nfc/platform -I../third_party/nrf5_sdk/nrf5_sdk/components/nfc/ndef/generic/message -I../third_party/nrf5_sdk/nrf5_sdk/components/nfc/ndef/generic/record -I../third_party/nrf5_sdk/nrf5_sdk/components/nfc/ndef/lauchapp -I../third_party/nrf5_sdk/nrf5_sdk/components/nfc/ndef/text -I../third_party/nrf5_sdk/nrf5_sdk/components/nfc/ndef/uri -I../third_party/nrf5_sdk/nrf5_sdk/external/nrf_cc310/include -I../third_party/nrf5_sdk/nrf5_sdk/external/utf_converter -I../third_party/littlefs/littlefs -I../third_party/miniz/miniz -I../platform/MCU/nRF52840/inc -I../dynalib/inc -I../hal/shared -Isrc -I./libraries -Ilib/MQTT/src -I. -MD -MP -MF ../build/target/user/platform-12-msrc/main.o.d -ffunction-sections -fdata-sections -Wall -Wno-switch -fmessage-length=0 -Wno-error=deprecated-declarations -Wno-error=unused-parameter -Wdeprecated-declarations -Wimplicit-fallthrough=2 -Wno-expansion-to-defined -Wno-cast-function-type -Wno-unused-parameter -Wno-error=type-limits -fno-strict-aliasing -DSPARK=1 -DPARTICLE=1 -Werror=return-type -Wundef -DSTART_DFU_FLASHER_SERIAL_SPEED=14400 -DSPARK_PLATFORM_NET=ESP32 -fno-builtin-malloc -fno-builtin-free -fno-builtin-realloc  -DLOG_INCLUDE_SOURCE_INFO=1 -DPARTICLE_USER_MODULE -DUSER_FIRMWARE_IMAGE_SIZE=0x40000 -DUSER_FIRMWARE_IMAGE_LOCATION=0xB4000 -DMODULAR_FIRMWARE=1 -DMODULE_VERSION=6 -DMODULE_FUNCTION=5 -DMODULE_INDEX=2 -DMODULE_DEPENDENCY=4,1,6305 -DMODULE_DEPENDENCY2=0,0,0 -D_GNU_SOURCE -DLOG_MODULE_CATEGORY="\"app\""  -fno-exceptions -fno-rtti -fcheck-new -flto -ffat-lto-objects -DPARTICLE_COMPILE_LTO_FAT -fno-use-cxa-atexit -std=gnu++17 -D__FILE_NAME__=\"main.cpp\" -c -o ../build/target/user/platform-12-msrc/main.o src/main.cpp

Building cpp file: lib/MQTT/src/MQTT.cpp
Invoking: ARM GCC CPP Compiler
mkdir -p ../build/target/user/platform-12-mMQTT/src/
arm-none-eabi-gcc -DMCU_DEVICE -DnRF52840 -DNRF52840_XXAA -DPLATFORM_THREADING=1 -DPLATFORM_ID=12 -DPLATFORM_NAME=argon -DPLATFORM_GEN=3 -DUSBD_VID_PARTICLE=0x2B04 -DUSBD_PID_DFU=0xD00C -DUSBD_PID_CDC=0xC00C -DSPARK_PLATFORM -fno-builtin-puts -fno-builtin-printf -Wl,--wrap=puts -Wl,--wrap=printf -Wl,--wrap=_printf_i -Wl,--wrap=_svfprintf_r -Wl,--wrap=_scanf_i -Wl,--wrap=__ssvfscanf_r -g3 -gdwarf-2 -Os -mcpu=cortex-m4 -mthumb -mabi=aapcs -mfloat-abi=hard -mfpu=fpv4-sp-d16 -DARM_CPU_CORTEX_M4 --specs=nano.specs -DINCLUDE_PLATFORM=1 -DSOFTDEVICE_PRESENT=1 -DS140 -DPRODUCT_ID=12 -DPRODUCT_FIRMWARE_VERSION=65535 -D_WIZCHIP_=W5500 -DUSE_STDPERIPH_DRIVER -DDFU_BUILD_ENABLE -DLFS_CONFIG=lfs_config.h -DSYSTEM_VERSION_STRING=6.3.4 -DRELEASE_BUILD -I./inc -I../wiring/inc -I../system/inc -I../services/inc -I../third_party/nanopb/nanopb -I../communication/inc -I../hal/inc -I../hal/src/argon -I../hal/network/lwip/esp32 -I../hal/network/ncp/wifi -I../hal/src/nRF52840 -I../hal/src/armv7 -I../hal/src/portable/FreeRTOS -I../hal/src/nRF52840 -I../hal/src/nRF52840/lwip -I../hal/src/nRF52840/freertos -I../hal/src/nRF52840/mbedtls -I../hal/src/nRF52840/littlefs -I../hal -I../hal/src/nRF52840/posix -I../hal/network -I../hal/network/api -I../hal/network/lwip -I../hal/network/lwip/posix -I../hal/network/lwip/wiznet -I../hal/network/ncp -I../hal/network/ncp/at_parser -I../hal/network/util -I../third_party/lwip/lwip/src/include -I../third_party/freertos/freertos/FreeRTOS/Source/include -I../third_party/nrf5_sdk/nrf5_sdk/external/freertos/portable/GCC/nrf52 -I../third_party/nrf5_sdk/nrf5_sdk/external/freertos/portable/CMSIS/nrf52 -I../third_party/wiznet_driver/wiznet_driver/Ethernet -I../gsm0710muxer/gsm0710muxer/include -I../hal/shared -I../platform/shared/inc -I../third_party/nrf5_sdk -I../third_party/nrf5_sdk/nrf5_sdk/components/toolchain/cmsis/include -I../third_party/nrf5_sdk/nrf5_sdk/modules/nrfx -I../third_party/nrf5_sdk/nrf5_sdk/modules/nrfx/drivers -I../third_party/nrf5_sdk/nrf5_sdk/modules/nrfx/drivers/include -I../third_party/nrf5_sdk/nrf5_sdk/modules/nrfx/hal -I../third_party/nrf5_sdk/nrf5_sdk/modules/nrfx/mdk -I../third_party/nrf5_sdk/nrf5_sdk/modules/nrfx/hal -I../third_party/nrf5_sdk/nrf5_sdk/modules/nrfx/drivers/src/prs -I../third_party/nrf5_sdk/nrf5_sdk/components/libraries/util -I../third_party/nrf5_sdk/nrf5_sdk/components/softdevice/s140/headers -I../third_party/nrf5_sdk/nrf5_sdk/components/softdevice/s140/headers/nrf52 -I../third_party/nrf5_sdk/nrf5_sdk/components/softdevice/common -I../third_party/nrf5_sdk/nrf5_sdk/components/softdevice/mbr/nrf52840/headers -I../third_party/nrf5_sdk/nrf5_sdk/components/libraries/fstorage -I../third_party/nrf5_sdk/nrf5_sdk/components/libraries/experimental_section_vars -I../third_party/nrf5_sdk/nrf5_sdk/components/libraries/atomic -I../third_party/nrf5_sdk/nrf5_sdk/components/libraries/crc32 -I../third_party/nrf5_sdk/nrf5_sdk/integration/nrfx/legacy -I../third_party/nrf5_sdk/nrf5_sdk/components/libraries/delay -I../third_party/nrf5_sdk/nrf5_sdk/components/libraries/log -I../third_party/nrf5_sdk/nrf5_sdk/components/libraries/log -I../third_party/nrf5_sdk/nrf5_sdk/components/libraries/log/src -I../third_party/nrf5_sdk/nrf5_sdk/components/libraries/experimental_section_vars -I../third_party/nrf5_sdk/nrf5_sdk/components/libraries/atomic -I../third_party/nrf5_sdk/nrf5_sdk/components/libraries/delay -I../third_party/nrf5_sdk/nrf5_sdk/components/libraries/queue -I../third_party/nrf5_sdk/nrf5_sdk/components/softdevice/common -I../third_party/nrf5_sdk/nrf5_sdk/components/softdevice/s140 -I../third_party/nrf5_sdk/nrf5_sdk/components/softdevice/s140/headers -I../third_party/nrf5_sdk/nrf5_sdk/components/softdevice/s140/headers/nrf52 -I../third_party/nrf5_sdk/nrf5_sdk/components/libraries/fifo -I../third_party/nrf5_sdk/nrf5_sdk/components/libraries/atomic_fifo -I../third_party/nrf5_sdk/nrf5_sdk/components/libraries/strerror -I../third_party/nrf5_sdk/nrf5_sdk/components/libraries/fstorage -I../third_party/nrf5_sdk/nrf5_sdk/components/libraries/atomic_flags -I../third_party/nrf5_sdk/nrf5_sdk/components/libraries/usbd -I../third_party/nrf5_sdk/nrf5_sdk/components/libraries/usbd/class/cdc -I../third_party/nrf5_sdk/nrf5_sdk/components/libraries/usbd/class/cdc/acm -I../third_party/nrf5_sdk/nrf5_sdk/components/ble/common -I../third_party/nrf5_sdk/nrf5_sdk/components/ble/nrf_ble_gatt -I../third_party/nrf5_sdk/nrf5_sdk/components/ble/ble_advertising -I../third_party/nrf5_sdk/nrf5_sdk/components/nfc/t2t_lib -I../third_party/nrf5_sdk/nrf5_sdk/components/nfc/platform -I../third_party/nrf5_sdk/nrf5_sdk/components/nfc/ndef/generic/message -I../third_party/nrf5_sdk/nrf5_sdk/components/nfc/ndef/generic/record -I../third_party/nrf5_sdk/nrf5_sdk/components/nfc/ndef/lauchapp -I../third_party/nrf5_sdk/nrf5_sdk/components/nfc/ndef/text -I../third_party/nrf5_sdk/nrf5_sdk/components/nfc/ndef/uri -I../third_party/nrf5_sdk/nrf5_sdk/external/nrf_cc310/include -I../third_party/nrf5_sdk/nrf5_sdk/external/utf_converter -I../third_party/littlefs/littlefs -I../third_party/miniz/miniz -I../platform/MCU/nRF52840/inc -I../dynalib/inc -I../hal/shared -Isrc -I./libraries -Ilib/MQTT/src -I. -MD -MP -MF ../build/target/user/platform-12-mMQTT/src/MQTT.o.d -ffunction-sections -fdata-sections -Wall -Wno-switch -fmessage-length=0 -Wno-error=deprecated-declarations -Wno-error=unused-parameter -Wdeprecated-declarations -Wimplicit-fallthrough=2 -Wno-expansion-to-defined -Wno-cast-function-type -Wno-unused-parameter -Wno-error=type-limits -fno-strict-aliasing -DSPARK=1 -DPARTICLE=1 -Werror=return-type -Wundef -DSTART_DFU_FLASHER_SERIAL_SPEED=14400 -DSPARK_PLATFORM_NET=ESP32 -fno-builtin-malloc -fno-builtin-free -fno-builtin-realloc  -DLOG_INCLUDE_SOURCE_INFO=1 -DPARTICLE_USER_MODULE -DUSER_FIRMWARE_IMAGE_SIZE=0x40000 -DUSER_FIRMWARE_IMAGE_LOCATION=0xB4000 -DMODULAR_FIRMWARE=1 -DMODULE_VERSION=6 -DMODULE_FUNCTION=5 -DMODULE_INDEX=2 -DMODULE_DEPENDENCY=4,1,6305 -DMODULE_DEPENDENCY2=0,0,0 -D_GNU_SOURCE -DLOG_MODULE_CATEGORY="\"app\""  -fno-exceptions -fno-rtti -fcheck-new -flto -ffat-lto-objects -DPARTICLE_COMPILE_LTO_FAT -fno-use-cxa-atexit -std=gnu++17 -D__FILE_NAME__=\"MQTT.cpp\" -c -o ../build/target/user/platform-12-mMQTT/src/MQTT.o lib/MQTT/src/MQTT.cpp

Building target: ../build/target/user/platform-12-mlibuser.a
Invoking: ARM GCC Archiver
mkdir -p ../build/target/user/platform-12-m
arm-none-eabi-gcc-ar -cr ../build/target/user/platform-12-mlibuser.a ../build/target/user/platform-12-msrc/MQTT_communication.o ../build/target/user/platform-12-msrc/UART_communication.o ../build/target/user/platform-12-msrc/queue.o ../build/target/user/platform-12-msrc/main.o ../build/target/user/platform-12-mMQTT/src/MQTT.o

make[2]: Leaving directory `/firmware/user'
make -C ../../../hal-dynalib 
make[2]: Entering directory `/firmware/hal-dynalib'
make[2]: Nothing to be done for `all'.
make[2]: Leaving directory `/firmware/hal-dynalib'
make -C ../../../services-dynalib 
make[2]: Entering directory `/firmware/services-dynalib'
make[2]: Nothing to be done for `all'.
make[2]: Leaving directory `/firmware/services-dynalib'
make -C ../../../system-dynalib 
make[2]: Entering directory `/firmware/system-dynalib'
make[2]: Nothing to be done for `all'.
make[2]: Leaving directory `/firmware/system-dynalib'
make -C ../../../rt-dynalib 
make[2]: Entering directory `/firmware/rt-dynalib'
make[2]: Nothing to be done for `all'.
make[2]: Leaving directory `/firmware/rt-dynalib'
make -C ../../../wiring 
make[2]: Entering directory `/firmware/wiring'
make[2]: Nothing to be done for `all'.
make[2]: Leaving directory `/firmware/wiring'
make -C ../../../communication-dynalib 
make[2]: Entering directory `/firmware/communication-dynalib'
make[2]: Nothing to be done for `all'.
make[2]: Leaving directory `/firmware/communication-dynalib'
make -C ../../../platform 
make[2]: Entering directory `/firmware/platform'
make -C ../third_party/nrf5_sdk 
make[3]: Entering directory `/firmware/third_party/nrf5_sdk'
make[3]: Nothing to be done for `all'.
make[3]: Leaving directory `/firmware/third_party/nrf5_sdk'
make -C ../third_party/littlefs 
make[3]: Entering directory `/firmware/third_party/littlefs'
make[3]: Nothing to be done for `all'.
make[3]: Leaving directory `/firmware/third_party/littlefs'
make -C ../third_party/miniz 
make[3]: Entering directory `/firmware/third_party/miniz'
make[3]: Nothing to be done for `all'.
make[3]: Leaving directory `/firmware/third_party/miniz'
make[2]: Leaving directory `/firmware/platform'
make -C ../../../wiring_globals 
make[2]: Entering directory `/firmware/wiring_globals'
make[2]: Nothing to be done for `all'.
make[2]: Leaving directory `/firmware/wiring_globals'
Building c file: ./src/user_module.c
Invoking: ARM GCC C Compiler
mkdir -p target//obj/./src/
arm-none-eabi-gcc -DMCU_DEVICE -DnRF52840 -DNRF52840_XXAA -DPLATFORM_THREADING=1 -DPLATFORM_ID=12 -DPLATFORM_NAME=argon -DPLATFORM_GEN=3 -DUSBD_VID_PARTICLE=0x2B04 -DUSBD_PID_DFU=0xD00C -DUSBD_PID_CDC=0xC00C -fno-builtin-puts -fno-builtin-printf -Wl,--wrap=puts -Wl,--wrap=printf -Wl,--wrap=_printf_i -Wl,--wrap=_svfprintf_r -Wl,--wrap=_scanf_i -Wl,--wrap=__ssvfscanf_r -g3 -gdwarf-2 -Os -mcpu=cortex-m4 -mthumb -mabi=aapcs -mfloat-abi=hard -mfpu=fpv4-sp-d16 -DARM_CPU_CORTEX_M4 --specs=nano.specs -DSOFTDEVICE_PRESENT=1 -DS140 -DINCLUDE_PLATFORM=1 -D_WIZCHIP_=W5500 -fno-builtin -DUSE_STDPERIPH_DRIVER -DDFU_BUILD_ENABLE -DLFS_CONFIG=lfs_config.h -DSYSTEM_VERSION_STRING=6.3.4 -DRELEASE_BUILD -Werror -Wextra -I../../../user/inc -I../../../dynalib/inc -I../../../hal/shared -I../../../services/inc -I../../../third_party/nanopb/nanopb -I../../../hal/inc -I../../../hal/src/argon -I../../../hal/network/lwip/esp32 -I../../../hal/network/ncp/wifi -I../../../hal/src/nRF52840 -I../../../hal/src/armv7 -I../../../hal/src/portable/FreeRTOS -I../../../hal/src/nRF52840 -I../../../hal/src/nRF52840/lwip -I../../../hal/src/nRF52840/freertos -I../../../hal/src/nRF52840/mbedtls -I../../../hal/src/nRF52840/littlefs -I../../../hal -I../../../hal/src/nRF52840/posix -I../../../hal/network -I../../../hal/network/api -I../../../hal/network/lwip -I../../../hal/network/lwip/posix -I../../../hal/network/lwip/wiznet -I../../../hal/network/ncp -I../../../hal/network/ncp/at_parser -I../../../hal/network/util -I../../../third_party/lwip/lwip/src/include -I../../../third_party/freertos/freertos/FreeRTOS/Source/include -I../../../third_party/nrf5_sdk/nrf5_sdk/external/freertos/portable/GCC/nrf52 -I../../../third_party/nrf5_sdk/nrf5_sdk/external/freertos/portable/CMSIS/nrf52 -I../../../third_party/wiznet_driver/wiznet_driver/Ethernet -I../../../gsm0710muxer/gsm0710muxer/include -I../../../hal/shared -I../../../system/inc -I../../../rt-dynalib/inc -I../../../wiring/inc -I../../../modules/shared/nRF52840/inc -I../../../platform/shared/inc -I../../../third_party/nrf5_sdk -I../../../third_party/nrf5_sdk/nrf5_sdk/components/toolchain/cmsis/include -I../../../third_party/nrf5_sdk/nrf5_sdk/modules/nrfx -I../../../third_party/nrf5_sdk/nrf5_sdk/modules/nrfx/drivers -I../../../third_party/nrf5_sdk/nrf5_sdk/modules/nrfx/drivers/include -I../../../third_party/nrf5_sdk/nrf5_sdk/modules/nrfx/hal -I../../../third_party/nrf5_sdk/nrf5_sdk/modules/nrfx/mdk -I../../../third_party/nrf5_sdk/nrf5_sdk/modules/nrfx/hal -I../../../third_party/nrf5_sdk/nrf5_sdk/modules/nrfx/drivers/src/prs -I../../../third_party/nrf5_sdk/nrf5_sdk/components/libraries/util -I../../../third_party/nrf5_sdk/nrf5_sdk/components/softdevice/s140/headers -I../../../third_party/nrf5_sdk/nrf5_sdk/components/softdevice/s140/headers/nrf52 -I../../../third_party/nrf5_sdk/nrf5_sdk/components/softdevice/common -I../../../third_party/nrf5_sdk/nrf5_sdk/components/softdevice/mbr/nrf52840/headers -I../../../third_party/nrf5_sdk/nrf5_sdk/components/libraries/fstorage -I../../../third_party/nrf5_sdk/nrf5_sdk/components/libraries/experimental_section_vars -I../../../third_party/nrf5_sdk/nrf5_sdk/components/libraries/atomic -I../../../third_party/nrf5_sdk/nrf5_sdk/components/libraries/crc32 -I../../../third_party/nrf5_sdk/nrf5_sdk/integration/nrfx/legacy -I../../../third_party/nrf5_sdk/nrf5_sdk/components/libraries/delay -I../../../third_party/nrf5_sdk/nrf5_sdk/components/libraries/log -I../../../third_party/nrf5_sdk/nrf5_sdk/components/libraries/log -I../../../third_party/nrf5_sdk/nrf5_sdk/components/libraries/log/src -I../../../third_party/nrf5_sdk/nrf5_sdk/components/libraries/experimental_section_vars -I../../../third_party/nrf5_sdk/nrf5_sdk/components/libraries/atomic -I../../../third_party/nrf5_sdk/nrf5_sdk/components/libraries/delay -I../../../third_party/nrf5_sdk/nrf5_sdk/components/libraries/queue -I../../../third_party/nrf5_sdk/nrf5_sdk/components/softdevice/common -I../../../third_party/nrf5_sdk/nrf5_sdk/components/softdevice/s140 -I../../../third_party/nrf5_sdk/nrf5_sdk/components/softdevice/s140/headers -I../../../third_party/nrf5_sdk/nrf5_sdk/components/softdevice/s140/headers/nrf52 -I../../../third_party/nrf5_sdk/nrf5_sdk/components/libraries/fifo -I../../../third_party/nrf5_sdk/nrf5_sdk/components/libraries/atomic_fifo -I../../../third_party/nrf5_sdk/nrf5_sdk/components/libraries/strerror -I../../../third_party/nrf5_sdk/nrf5_sdk/components/libraries/fstorage -I../../../third_party/nrf5_sdk/nrf5_sdk/components/libraries/atomic_flags -I../../../third_party/nrf5_sdk/nrf5_sdk/components/libraries/usbd -I../../../third_party/nrf5_sdk/nrf5_sdk/components/libraries/usbd/class/cdc -I../../../third_party/nrf5_sdk/nrf5_sdk/components/libraries/usbd/class/cdc/acm -I../../../third_party/nrf5_sdk/nrf5_sdk/components/ble/common -I../../../third_party/nrf5_sdk/nrf5_sdk/components/ble/nrf_ble_gatt -I../../../third_party/nrf5_sdk/nrf5_sdk/components/ble/ble_advertising -I../../../third_party/nrf5_sdk/nrf5_sdk/components/nfc/t2t_lib -I../../../third_party/nrf5_sdk/nrf5_sdk/components/nfc/platform -I../../../third_party/nrf5_sdk/nrf5_sdk/components/nfc/ndef/generic/message -I../../../third_party/nrf5_sdk/nrf5_sdk/components/nfc/ndef/generic/record -I../../../third_party/nrf5_sdk/nrf5_sdk/components/nfc/ndef/lauchapp -I../../../third_party/nrf5_sdk/nrf5_sdk/components/nfc/ndef/text -I../../../third_party/nrf5_sdk/nrf5_sdk/components/nfc/ndef/uri -I../../../third_party/nrf5_sdk/nrf5_sdk/external/nrf_cc310/include -I../../../third_party/nrf5_sdk/nrf5_sdk/external/utf_converter -I../../../third_party/littlefs/littlefs -I../../../third_party/miniz/miniz -I../../../platform/MCU/nRF52840/inc -I../../../modules/shared/nRF52840/inc/user-part -I. -MD -MP -MF target//obj/./src/user_module.o.d -ffunction-sections -fdata-sections -Wall -Wno-switch -fmessage-length=0 -Wno-error=deprecated-declarations -Wno-error=unused-parameter -Wdeprecated-declarations -Wimplicit-fallthrough=2 -Wno-expansion-to-defined -Wno-cast-function-type -Wno-unused-parameter -Wno-error=type-limits -fno-strict-aliasing -DSPARK=1 -DPARTICLE=1 -Werror=return-type -Wundef -DSTART_DFU_FLASHER_SERIAL_SPEED=14400 -fno-builtin-malloc -fno-builtin-free -fno-builtin-realloc -DUSER_FIRMWARE_IMAGE_SIZE=0x40000 -DUSER_FIRMWARE_IMAGE_LOCATION=0xB4000 -DMODULAR_FIRMWARE=1 -DMODULE_VERSION=6 -DMODULE_FUNCTION=5 -DMODULE_INDEX=2 -DMODULE_DEPENDENCY=4,1,6305 -DMODULE_DEPENDENCY2=0,0,0 -D_GNU_SOURCE  -flto -ffat-lto-objects -DPARTICLE_COMPILE_LTO_FAT -std=gnu11 -Wno-pointer-sign -D__FILE_NAME__=\"user_module.c\" -c -o target//obj/./src/user_module.o ./src/user_module.c

Building c file: ./src/module_info.c
Invoking: ARM GCC C Compiler
mkdir -p target//obj/./src/
arm-none-eabi-gcc -DMCU_DEVICE -DnRF52840 -DNRF52840_XXAA -DPLATFORM_THREADING=1 -DPLATFORM_ID=12 -DPLATFORM_NAME=argon -DPLATFORM_GEN=3 -DUSBD_VID_PARTICLE=0x2B04 -DUSBD_PID_DFU=0xD00C -DUSBD_PID_CDC=0xC00C -fno-builtin-puts -fno-builtin-printf -Wl,--wrap=puts -Wl,--wrap=printf -Wl,--wrap=_printf_i -Wl,--wrap=_svfprintf_r -Wl,--wrap=_scanf_i -Wl,--wrap=__ssvfscanf_r -g3 -gdwarf-2 -Os -mcpu=cortex-m4 -mthumb -mabi=aapcs -mfloat-abi=hard -mfpu=fpv4-sp-d16 -DARM_CPU_CORTEX_M4 --specs=nano.specs -DSOFTDEVICE_PRESENT=1 -DS140 -DINCLUDE_PLATFORM=1 -D_WIZCHIP_=W5500 -fno-builtin -DUSE_STDPERIPH_DRIVER -DDFU_BUILD_ENABLE -DLFS_CONFIG=lfs_config.h -DSYSTEM_VERSION_STRING=6.3.4 -DRELEASE_BUILD -Werror -Wextra -I../../../user/inc -I../../../dynalib/inc -I../../../hal/shared -I../../../services/inc -I../../../third_party/nanopb/nanopb -I../../../hal/inc -I../../../hal/src/argon -I../../../hal/network/lwip/esp32 -I../../../hal/network/ncp/wifi -I../../../hal/src/nRF52840 -I../../../hal/src/armv7 -I../../../hal/src/portable/FreeRTOS -I../../../hal/src/nRF52840 -I../../../hal/src/nRF52840/lwip -I../../../hal/src/nRF52840/freertos -I../../../hal/src/nRF52840/mbedtls -I../../../hal/src/nRF52840/littlefs -I../../../hal -I../../../hal/src/nRF52840/posix -I../../../hal/network -I../../../hal/network/api -I../../../hal/network/lwip -I../../../hal/network/lwip/posix -I../../../hal/network/lwip/wiznet -I../../../hal/network/ncp -I../../../hal/network/ncp/at_parser -I../../../hal/network/util -I../../../third_party/lwip/lwip/src/include -I../../../third_party/freertos/freertos/FreeRTOS/Source/include -I../../../third_party/nrf5_sdk/nrf5_sdk/external/freertos/portable/GCC/nrf52 -I../../../third_party/nrf5_sdk/nrf5_sdk/external/freertos/portable/CMSIS/nrf52 -I../../../third_party/wiznet_driver/wiznet_driver/Ethernet -I../../../gsm0710muxer/gsm0710muxer/include -I../../../hal/shared -I../../../system/inc -I../../../rt-dynalib/inc -I../../../wiring/inc -I../../../modules/shared/nRF52840/inc -I../../../platform/shared/inc -I../../../third_party/nrf5_sdk -I../../../third_party/nrf5_sdk/nrf5_sdk/components/toolchain/cmsis/include -I../../../third_party/nrf5_sdk/nrf5_sdk/modules/nrfx -I../../../third_party/nrf5_sdk/nrf5_sdk/modules/nrfx/drivers -I../../../third_party/nrf5_sdk/nrf5_sdk/modules/nrfx/drivers/include -I../../../third_party/nrf5_sdk/nrf5_sdk/modules/nrfx/hal -I../../../third_party/nrf5_sdk/nrf5_sdk/modules/nrfx/mdk -I../../../third_party/nrf5_sdk/nrf5_sdk/modules/nrfx/hal -I../../../third_party/nrf5_sdk/nrf5_sdk/modules/nrfx/drivers/src/prs -I../../../third_party/nrf5_sdk/nrf5_sdk/components/libraries/util -I../../../third_party/nrf5_sdk/nrf5_sdk/components/softdevice/s140/headers -I../../../third_party/nrf5_sdk/nrf5_sdk/components/softdevice/s140/headers/nrf52 -I../../../third_party/nrf5_sdk/nrf5_sdk/components/softdevice/common -I../../../third_party/nrf5_sdk/nrf5_sdk/components/softdevice/mbr/nrf52840/headers -I../../../third_party/nrf5_sdk/nrf5_sdk/components/libraries/fstorage -I../../../third_party/nrf5_sdk/nrf5_sdk/components/libraries/experimental_section_vars -I../../../third_party/nrf5_sdk/nrf5_sdk/components/libraries/atomic -I../../../third_party/nrf5_sdk/nrf5_sdk/components/libraries/crc32 -I../../../third_party/nrf5_sdk/nrf5_sdk/integration/nrfx/legacy -I../../../third_party/nrf5_sdk/nrf5_sdk/components/libraries/delay -I../../../third_party/nrf5_sdk/nrf5_sdk/components/libraries/log -I../../../third_party/nrf5_sdk/nrf5_sdk/components/libraries/log -I../../../third_party/nrf5_sdk/nrf5_sdk/components/libraries/log/src -I../../../third_party/nrf5_sdk/nrf5_sdk/components/libraries/experimental_section_vars -I../../../third_party/nrf5_sdk/nrf5_sdk/components/libraries/atomic -I../../../third_party/nrf5_sdk/nrf5_sdk/components/libraries/delay -I../../../third_party/nrf5_sdk/nrf5_sdk/components/libraries/queue -I../../../third_party/nrf5_sdk/nrf5_sdk/components/softdevice/common -I../../../third_party/nrf5_sdk/nrf5_sdk/components/softdevice/s140 -I../../../third_party/nrf5_sdk/nrf5_sdk/components/softdevice/s140/headers -I../../../third_party/nrf5_sdk/nrf5_sdk/components/softdevice/s140/headers/nrf52 -I../../../third_party/nrf5_sdk/nrf5_sdk/components/libraries/fifo -I../../../third_party/nrf5_sdk/nrf5_sdk/components/libraries/atomic_fifo -I../../../third_party/nrf5_sdk/nrf5_sdk/components/libraries/strerror -I../../../third_party/nrf5_sdk/nrf5_sdk/components/libraries/fstorage -I../../../third_party/nrf5_sdk/nrf5_sdk/components/libraries/atomic_flags -I../../../third_party/nrf5_sdk/nrf5_sdk/components/libraries/usbd -I../../../third_party/nrf5_sdk/nrf5_sdk/components/libraries/usbd/class/cdc -I../../../third_party/nrf5_sdk/nrf5_sdk/components/libraries/usbd/class/cdc/acm -I../../../third_party/nrf5_sdk/nrf5_sdk/components/ble/common -I../../../third_party/nrf5_sdk/nrf5_sdk/components/ble/nrf_ble_gatt -I../../../third_party/nrf5_sdk/nrf5_sdk/components/ble/ble_advertising -I../../../third_party/nrf5_sdk/nrf5_sdk/components/nfc/t2t_lib -I../../../third_party/nrf5_sdk/nrf5_sdk/components/nfc/platform -I../../../third_party/nrf5_sdk/nrf5_sdk/components/nfc/ndef/generic/message -I../../../third_party/nrf5_sdk/nrf5_sdk/components/nfc/ndef/generic/record -I../../../third_party/nrf5_sdk/nrf5_sdk/components/nfc/ndef/lauchapp -I../../../third_party/nrf5_sdk/nrf5_sdk/components/nfc/ndef/text -I../../../third_party/nrf5_sdk/nrf5_sdk/components/nfc/ndef/uri -I../../../third_party/nrf5_sdk/nrf5_sdk/external/nrf_cc310/include -I../../../third_party/nrf5_sdk/nrf5_sdk/external/utf_converter -I../../../third_party/littlefs/littlefs -I../../../third_party/miniz/miniz -I../../../platform/MCU/nRF52840/inc -I../../../modules/shared/nRF52840/inc/user-part -I. -MD -MP -MF target//obj/./src/module_info.o.d -ffunction-sections -fdata-sections -Wall -Wno-switch -fmessage-length=0 -Wno-error=deprecated-declarations -Wno-error=unused-parameter -Wdeprecated-declarations -Wimplicit-fallthrough=2 -Wno-expansion-to-defined -Wno-cast-function-type -Wno-unused-parameter -Wno-error=type-limits -fno-strict-aliasing -DSPARK=1 -DPARTICLE=1 -Werror=return-type -Wundef -DSTART_DFU_FLASHER_SERIAL_SPEED=14400 -fno-builtin-malloc -fno-builtin-free -fno-builtin-realloc -DUSER_FIRMWARE_IMAGE_SIZE=0x40000 -DUSER_FIRMWARE_IMAGE_LOCATION=0xB4000 -DMODULAR_FIRMWARE=1 -DMODULE_VERSION=6 -DMODULE_FUNCTION=5 -DMODULE_INDEX=2 -DMODULE_DEPENDENCY=4,1,6305 -DMODULE_DEPENDENCY2=0,0,0 -D_GNU_SOURCE  -flto -ffat-lto-objects -DPARTICLE_COMPILE_LTO_FAT -std=gnu11 -Wno-pointer-sign -D__FILE_NAME__=\"module_info.c\" -c -o target//obj/./src/module_info.o ./src/module_info.c

Building c file: ./src/user_export.c
Invoking: ARM GCC C Compiler
mkdir -p target//obj/./src/
arm-none-eabi-gcc -DMCU_DEVICE -DnRF52840 -DNRF52840_XXAA -DPLATFORM_THREADING=1 -DPLATFORM_ID=12 -DPLATFORM_NAME=argon -DPLATFORM_GEN=3 -DUSBD_VID_PARTICLE=0x2B04 -DUSBD_PID_DFU=0xD00C -DUSBD_PID_CDC=0xC00C -fno-builtin-puts -fno-builtin-printf -Wl,--wrap=puts -Wl,--wrap=printf -Wl,--wrap=_printf_i -Wl,--wrap=_svfprintf_r -Wl,--wrap=_scanf_i -Wl,--wrap=__ssvfscanf_r -g3 -gdwarf-2 -Os -mcpu=cortex-m4 -mthumb -mabi=aapcs -mfloat-abi=hard -mfpu=fpv4-sp-d16 -DARM_CPU_CORTEX_M4 --specs=nano.specs -DSOFTDEVICE_PRESENT=1 -DS140 -DINCLUDE_PLATFORM=1 -D_WIZCHIP_=W5500 -fno-builtin -DUSE_STDPERIPH_DRIVER -DDFU_BUILD_ENABLE -DLFS_CONFIG=lfs_config.h -DSYSTEM_VERSION_STRING=6.3.4 -DRELEASE_BUILD -Werror -Wextra -I../../../user/inc -I../../../dynalib/inc -I../../../hal/shared -I../../../services/inc -I../../../third_party/nanopb/nanopb -I../../../hal/inc -I../../../hal/src/argon -I../../../hal/network/lwip/esp32 -I../../../hal/network/ncp/wifi -I../../../hal/src/nRF52840 -I../../../hal/src/armv7 -I../../../hal/src/portable/FreeRTOS -I../../../hal/src/nRF52840 -I../../../hal/src/nRF52840/lwip -I../../../hal/src/nRF52840/freertos -I../../../hal/src/nRF52840/mbedtls -I../../../hal/src/nRF52840/littlefs -I../../../hal -I../../../hal/src/nRF52840/posix -I../../../hal/network -I../../../hal/network/api -I../../../hal/network/lwip -I../../../hal/network/lwip/posix -I../../../hal/network/lwip/wiznet -I../../../hal/network/ncp -I../../../hal/network/ncp/at_parser -I../../../hal/network/util -I../../../third_party/lwip/lwip/src/include -I../../../third_party/freertos/freertos/FreeRTOS/Source/include -I../../../third_party/nrf5_sdk/nrf5_sdk/external/freertos/portable/GCC/nrf52 -I../../../third_party/nrf5_sdk/nrf5_sdk/external/freertos/portable/CMSIS/nrf52 -I../../../third_party/wiznet_driver/wiznet_driver/Ethernet -I../../../gsm0710muxer/gsm0710muxer/include -I../../../hal/shared -I../../../system/inc -I../../../rt-dynalib/inc -I../../../wiring/inc -I../../../modules/shared/nRF52840/inc -I../../../platform/shared/inc -I../../../third_party/nrf5_sdk -I../../../third_party/nrf5_sdk/nrf5_sdk/components/toolchain/cmsis/include -I../../../third_party/nrf5_sdk/nrf5_sdk/modules/nrfx -I../../../third_party/nrf5_sdk/nrf5_sdk/modules/nrfx/drivers -I../../../third_party/nrf5_sdk/nrf5_sdk/modules/nrfx/drivers/include -I../../../third_party/nrf5_sdk/nrf5_sdk/modules/nrfx/hal -I../../../third_party/nrf5_sdk/nrf5_sdk/modules/nrfx/mdk -I../../../third_party/nrf5_sdk/nrf5_sdk/modules/nrfx/hal -I../../../third_party/nrf5_sdk/nrf5_sdk/modules/nrfx/drivers/src/prs -I../../../third_party/nrf5_sdk/nrf5_sdk/components/libraries/util -I../../../third_party/nrf5_sdk/nrf5_sdk/components/softdevice/s140/headers -I../../../third_party/nrf5_sdk/nrf5_sdk/components/softdevice/s140/headers/nrf52 -I../../../third_party/nrf5_sdk/nrf5_sdk/components/softdevice/common -I../../../third_party/nrf5_sdk/nrf5_sdk/components/softdevice/mbr/nrf52840/headers -I../../../third_party/nrf5_sdk/nrf5_sdk/components/libraries/fstorage -I../../../third_party/nrf5_sdk/nrf5_sdk/components/libraries/experimental_section_vars -I../../../third_party/nrf5_sdk/nrf5_sdk/components/libraries/atomic -I../../../third_party/nrf5_sdk/nrf5_sdk/components/libraries/crc32 -I../../../third_party/nrf5_sdk/nrf5_sdk/integration/nrfx/legacy -I../../../third_party/nrf5_sdk/nrf5_sdk/components/libraries/delay -I../../../third_party/nrf5_sdk/nrf5_sdk/components/libraries/log -I../../../third_party/nrf5_sdk/nrf5_sdk/components/libraries/log -I../../../third_party/nrf5_sdk/nrf5_sdk/components/libraries/log/src -I../../../third_party/nrf5_sdk/nrf5_sdk/components/libraries/experimental_section_vars -I../../../third_party/nrf5_sdk/nrf5_sdk/components/libraries/atomic -I../../../third_party/nrf5_sdk/nrf5_sdk/components/libraries/delay -I../../../third_party/nrf5_sdk/nrf5_sdk/components/libraries/queue -I../../../third_party/nrf5_sdk/nrf5_sdk/components/softdevice/common -I../../../third_party/nrf5_sdk/nrf5_sdk/components/softdevice/s140 -I../../../third_party/nrf5_sdk/nrf5_sdk/components/softdevice/s140/headers -I../../../third_party/nrf5_sdk/nrf5_sdk/components/softdevice/s140/headers/nrf52 -I../../../third_party/nrf5_sdk/nrf5_sdk/components/libraries/fifo -I../../../third_party/nrf5_sdk/nrf5_sdk/components/libraries/atomic_fifo -I../../../third_party/nrf5_sdk/nrf5_sdk/components/libraries/strerror -I../../../third_party/nrf5_sdk/nrf5_sdk/components/libraries/fstorage -I../../../third_party/nrf5_sdk/nrf5_sdk/components/libraries/atomic_flags -I../../../third_party/nrf5_sdk/nrf5_sdk/components/libraries/usbd -I../../../third_party/nrf5_sdk/nrf5_sdk/components/libraries/usbd/class/cdc -I../../../third_party/nrf5_sdk/nrf5_sdk/components/libraries/usbd/class/cdc/acm -I../../../third_party/nrf5_sdk/nrf5_sdk/components/ble/common -I../../../third_party/nrf5_sdk/nrf5_sdk/components/ble/nrf_ble_gatt -I../../../third_party/nrf5_sdk/nrf5_sdk/components/ble/ble_advertising -I../../../third_party/nrf5_sdk/nrf5_sdk/components/nfc/t2t_lib -I../../../third_party/nrf5_sdk/nrf5_sdk/components/nfc/platform -I../../../third_party/nrf5_sdk/nrf5_sdk/components/nfc/ndef/generic/message -I../../../third_party/nrf5_sdk/nrf5_sdk/components/nfc/ndef/generic/record -I../../../third_party/nrf5_sdk/nrf5_sdk/components/nfc/ndef/lauchapp -I../../../third_party/nrf5_sdk/nrf5_sdk/components/nfc/ndef/text -I../../../third_party/nrf5_sdk/nrf5_sdk/components/nfc/ndef/uri -I../../../third_party/nrf5_sdk/nrf5_sdk/external/nrf_cc310/include -I../../../third_party/nrf5_sdk/nrf5_sdk/external/utf_converter -I../../../third_party/littlefs/littlefs -I../../../third_party/miniz/miniz -I../../../platform/MCU/nRF52840/inc -I../../../modules/shared/nRF52840/inc/user-part -I. -MD -MP -MF target//obj/./src/user_export.o.d -ffunction-sections -fdata-sections -Wall -Wno-switch -fmessage-length=0 -Wno-error=deprecated-declarations -Wno-error=unused-parameter -Wdeprecated-declarations -Wimplicit-fallthrough=2 -Wno-expansion-to-defined -Wno-cast-function-type -Wno-unused-parameter -Wno-error=type-limits -fno-strict-aliasing -DSPARK=1 -DPARTICLE=1 -Werror=return-type -Wundef -DSTART_DFU_FLASHER_SERIAL_SPEED=14400 -fno-builtin-malloc -fno-builtin-free -fno-builtin-realloc -DUSER_FIRMWARE_IMAGE_SIZE=0x40000 -DUSER_FIRMWARE_IMAGE_LOCATION=0xB4000 -DMODULAR_FIRMWARE=1 -DMODULE_VERSION=6 -DMODULE_FUNCTION=5 -DMODULE_INDEX=2 -DMODULE_DEPENDENCY=4,1,6305 -DMODULE_DEPENDENCY2=0,0,0 -D_GNU_SOURCE  -flto -ffat-lto-objects -DPARTICLE_COMPILE_LTO_FAT -std=gnu11 -Wno-pointer-sign -D__FILE_NAME__=\"user_export.c\" -c -o target//obj/./src/user_export.o ./src/user_export.c

Building cpp file: ./src/newlib_stubs.cpp
Invoking: ARM GCC CPP Compiler
mkdir -p target//obj/./src/
arm-none-eabi-gcc -DMCU_DEVICE -DnRF52840 -DNRF52840_XXAA -DPLATFORM_THREADING=1 -DPLATFORM_ID=12 -DPLATFORM_NAME=argon -DPLATFORM_GEN=3 -DUSBD_VID_PARTICLE=0x2B04 -DUSBD_PID_DFU=0xD00C -DUSBD_PID_CDC=0xC00C -fno-builtin-puts -fno-builtin-printf -Wl,--wrap=puts -Wl,--wrap=printf -Wl,--wrap=_printf_i -Wl,--wrap=_svfprintf_r -Wl,--wrap=_scanf_i -Wl,--wrap=__ssvfscanf_r -g3 -gdwarf-2 -Os -mcpu=cortex-m4 -mthumb -mabi=aapcs -mfloat-abi=hard -mfpu=fpv4-sp-d16 -DARM_CPU_CORTEX_M4 --specs=nano.specs -DSOFTDEVICE_PRESENT=1 -DS140 -DINCLUDE_PLATFORM=1 -D_WIZCHIP_=W5500 -fno-builtin -DUSE_STDPERIPH_DRIVER -DDFU_BUILD_ENABLE -DLFS_CONFIG=lfs_config.h -DSYSTEM_VERSION_STRING=6.3.4 -DRELEASE_BUILD -Werror -Wextra -I../../../user/inc -I../../../dynalib/inc -I../../../hal/shared -I../../../services/inc -I../../../third_party/nanopb/nanopb -I../../../hal/inc -I../../../hal/src/argon -I../../../hal/network/lwip/esp32 -I../../../hal/network/ncp/wifi -I../../../hal/src/nRF52840 -I../../../hal/src/armv7 -I../../../hal/src/portable/FreeRTOS -I../../../hal/src/nRF52840 -I../../../hal/src/nRF52840/lwip -I../../../hal/src/nRF52840/freertos -I../../../hal/src/nRF52840/mbedtls -I../../../hal/src/nRF52840/littlefs -I../../../hal -I../../../hal/src/nRF52840/posix -I../../../hal/network -I../../../hal/network/api -I../../../hal/network/lwip -I../../../hal/network/lwip/posix -I../../../hal/network/lwip/wiznet -I../../../hal/network/ncp -I../../../hal/network/ncp/at_parser -I../../../hal/network/util -I../../../third_party/lwip/lwip/src/include -I../../../third_party/freertos/freertos/FreeRTOS/Source/include -I../../../third_party/nrf5_sdk/nrf5_sdk/external/freertos/portable/GCC/nrf52 -I../../../third_party/nrf5_sdk/nrf5_sdk/external/freertos/portable/CMSIS/nrf52 -I../../../third_party/wiznet_driver/wiznet_driver/Ethernet -I../../../gsm0710muxer/gsm0710muxer/include -I../../../hal/shared -I../../../system/inc -I../../../rt-dynalib/inc -I../../../wiring/inc -I../../../modules/shared/nRF52840/inc -I../../../platform/shared/inc -I../../../third_party/nrf5_sdk -I../../../third_party/nrf5_sdk/nrf5_sdk/components/toolchain/cmsis/include -I../../../third_party/nrf5_sdk/nrf5_sdk/modules/nrfx -I../../../third_party/nrf5_sdk/nrf5_sdk/modules/nrfx/drivers -I../../../third_party/nrf5_sdk/nrf5_sdk/modules/nrfx/drivers/include -I../../../third_party/nrf5_sdk/nrf5_sdk/modules/nrfx/hal -I../../../third_party/nrf5_sdk/nrf5_sdk/modules/nrfx/mdk -I../../../third_party/nrf5_sdk/nrf5_sdk/modules/nrfx/hal -I../../../third_party/nrf5_sdk/nrf5_sdk/modules/nrfx/drivers/src/prs -I../../../third_party/nrf5_sdk/nrf5_sdk/components/libraries/util -I../../../third_party/nrf5_sdk/nrf5_sdk/components/softdevice/s140/headers -I../../../third_party/nrf5_sdk/nrf5_sdk/components/softdevice/s140/headers/nrf52 -I../../../third_party/nrf5_sdk/nrf5_sdk/components/softdevice/common -I../../../third_party/nrf5_sdk/nrf5_sdk/components/softdevice/mbr/nrf52840/headers -I../../../third_party/nrf5_sdk/nrf5_sdk/components/libraries/fstorage -I../../../third_party/nrf5_sdk/nrf5_sdk/components/libraries/experimental_section_vars -I../../../third_party/nrf5_sdk/nrf5_sdk/components/libraries/atomic -I../../../third_party/nrf5_sdk/nrf5_sdk/components/libraries/crc32 -I../../../third_party/nrf5_sdk/nrf5_sdk/integration/nrfx/legacy -I../../../third_party/nrf5_sdk/nrf5_sdk/components/libraries/delay -I../../../third_party/nrf5_sdk/nrf5_sdk/components/libraries/log -I../../../third_party/nrf5_sdk/nrf5_sdk/components/libraries/log -I../../../third_party/nrf5_sdk/nrf5_sdk/components/libraries/log/src -I../../../third_party/nrf5_sdk/nrf5_sdk/components/libraries/experimental_section_vars -I../../../third_party/nrf5_sdk/nrf5_sdk/components/libraries/atomic -I../../../third_party/nrf5_sdk/nrf5_sdk/components/libraries/delay -I../../../third_party/nrf5_sdk/nrf5_sdk/components/libraries/queue -I../../../third_party/nrf5_sdk/nrf5_sdk/components/softdevice/common -I../../../third_party/nrf5_sdk/nrf5_sdk/components/softdevice/s140 -I../../../third_party/nrf5_sdk/nrf5_sdk/components/softdevice/s140/headers -I../../../third_party/nrf5_sdk/nrf5_sdk/components/softdevice/s140/headers/nrf52 -I../../../third_party/nrf5_sdk/nrf5_sdk/components/libraries/fifo -I../../../third_party/nrf5_sdk/nrf5_sdk/components/libraries/atomic_fifo -I../../../third_party/nrf5_sdk/nrf5_sdk/components/libraries/strerror -I../../../third_party/nrf5_sdk/nrf5_sdk/components/libraries/fstorage -I../../../third_party/nrf5_sdk/nrf5_sdk/components/libraries/atomic_flags -I../../../third_party/nrf5_sdk/nrf5_sdk/components/libraries/usbd -I../../../third_party/nrf5_sdk/nrf5_sdk/components/libraries/usbd/class/cdc -I../../../third_party/nrf5_sdk/nrf5_sdk/components/libraries/usbd/class/cdc/acm -I../../../third_party/nrf5_sdk/nrf5_sdk/components/ble/common -I../../../third_party/nrf5_sdk/nrf5_sdk/components/ble/nrf_ble_gatt -I../../../third_party/nrf5_sdk/nrf5_sdk/components/ble/ble_advertising -I../../../third_party/nrf5_sdk/nrf5_sdk/components/nfc/t2t_lib -I../../../third_party/nrf5_sdk/nrf5_sdk/components/nfc/platform -I../../../third_party/nrf5_sdk/nrf5_sdk/components/nfc/ndef/generic/message -I../../../third_party/nrf5_sdk/nrf5_sdk/components/nfc/ndef/generic/record -I../../../third_party/nrf5_sdk/nrf5_sdk/components/nfc/ndef/lauchapp -I../../../third_party/nrf5_sdk/nrf5_sdk/components/nfc/ndef/text -I../../../third_party/nrf5_sdk/nrf5_sdk/components/nfc/ndef/uri -I../../../third_party/nrf5_sdk/nrf5_sdk/external/nrf_cc310/include -I../../../third_party/nrf5_sdk/nrf5_sdk/external/utf_converter -I../../../third_party/littlefs/littlefs -I../../../third_party/miniz/miniz -I../../../platform/MCU/nRF52840/inc -I../../../modules/shared/nRF52840/inc/user-part -I. -MD -MP -MF target//obj/./src/newlib_stubs.o.d -ffunction-sections -fdata-sections -Wall -Wno-switch -fmessage-length=0 -Wno-error=deprecated-declarations -Wno-error=unused-parameter -Wdeprecated-declarations -Wimplicit-fallthrough=2 -Wno-expansion-to-defined -Wno-cast-function-type -Wno-unused-parameter -Wno-error=type-limits -fno-strict-aliasing -DSPARK=1 -DPARTICLE=1 -Werror=return-type -Wundef -DSTART_DFU_FLASHER_SERIAL_SPEED=14400 -fno-builtin-malloc -fno-builtin-free -fno-builtin-realloc -DUSER_FIRMWARE_IMAGE_SIZE=0x40000 -DUSER_FIRMWARE_IMAGE_LOCATION=0xB4000 -DMODULAR_FIRMWARE=1 -DMODULE_VERSION=6 -DMODULE_FUNCTION=5 -DMODULE_INDEX=2 -DMODULE_DEPENDENCY=4,1,6305 -DMODULE_DEPENDENCY2=0,0,0 -D_GNU_SOURCE  -fno-exceptions -fno-rtti -fcheck-new -flto -ffat-lto-objects -DPARTICLE_COMPILE_LTO_FAT -fno-use-cxa-atexit -std=gnu++17 -D__FILE_NAME__=\"newlib_stubs.cpp\" -c -o target//obj/./src/newlib_stubs.o ./src/newlib_stubs.cpp

Building target: target/workspace.elf
Invoking: ARM GCC C++ Linker
mkdir -p target/
arm-none-eabi-g++ -DMCU_DEVICE -DnRF52840 -DNRF52840_XXAA -DPLATFORM_THREADING=1 -DPLATFORM_ID=12 -DPLATFORM_NAME=argon -DPLATFORM_GEN=3 -DUSBD_VID_PARTICLE=0x2B04 -DUSBD_PID_DFU=0xD00C -DUSBD_PID_CDC=0xC00C -fno-builtin-puts -fno-builtin-printf -Wl,--wrap=puts -Wl,--wrap=printf -Wl,--wrap=_printf_i -Wl,--wrap=_svfprintf_r -Wl,--wrap=_scanf_i -Wl,--wrap=__ssvfscanf_r -g3 -gdwarf-2 -Os -mcpu=cortex-m4 -mthumb -mabi=aapcs -mfloat-abi=hard -mfpu=fpv4-sp-d16 -DARM_CPU_CORTEX_M4 --specs=nano.specs -DSOFTDEVICE_PRESENT=1 -DS140 -DINCLUDE_PLATFORM=1 -D_WIZCHIP_=W5500 -fno-builtin -DUSE_STDPERIPH_DRIVER -DDFU_BUILD_ENABLE -DLFS_CONFIG=lfs_config.h -DSYSTEM_VERSION_STRING=6.3.4 -DRELEASE_BUILD -Werror -Wextra -I../../../user/inc -I../../../dynalib/inc -I../../../hal/shared -I../../../services/inc -I../../../third_party/nanopb/nanopb -I../../../hal/inc -I../../../hal/src/argon -I../../../hal/network/lwip/esp32 -I../../../hal/network/ncp/wifi -I../../../hal/src/nRF52840 -I../../../hal/src/armv7 -I../../../hal/src/portable/FreeRTOS -I../../../hal/src/nRF52840 -I../../../hal/src/nRF52840/lwip -I../../../hal/src/nRF52840/freertos -I../../../hal/src/nRF52840/mbedtls -I../../../hal/src/nRF52840/littlefs -I../../../hal -I../../../hal/src/nRF52840/posix -I../../../hal/network -I../../../hal/network/api -I../../../hal/network/lwip -I../../../hal/network/lwip/posix -I../../../hal/network/lwip/wiznet -I../../../hal/network/ncp -I../../../hal/network/ncp/at_parser -I../../../hal/network/util -I../../../third_party/lwip/lwip/src/include -I../../../third_party/freertos/freertos/FreeRTOS/Source/include -I../../../third_party/nrf5_sdk/nrf5_sdk/external/freertos/portable/GCC/nrf52 -I../../../third_party/nrf5_sdk/nrf5_sdk/external/freertos/portable/CMSIS/nrf52 -I../../../third_party/wiznet_driver/wiznet_driver/Ethernet -I../../../gsm0710muxer/gsm0710muxer/include -I../../../hal/shared -I../../../system/inc -I../../../rt-dynalib/inc -I../../../wiring/inc -I../../../modules/shared/nRF52840/inc -I../../../platform/shared/inc -I../../../third_party/nrf5_sdk -I../../../third_party/nrf5_sdk/nrf5_sdk/components/toolchain/cmsis/include -I../../../third_party/nrf5_sdk/nrf5_sdk/modules/nrfx -I../../../third_party/nrf5_sdk/nrf5_sdk/modules/nrfx/drivers -I../../../third_party/nrf5_sdk/nrf5_sdk/modules/nrfx/drivers/include -I../../../third_party/nrf5_sdk/nrf5_sdk/modules/nrfx/hal -I../../../third_party/nrf5_sdk/nrf5_sdk/modules/nrfx/mdk -I../../../third_party/nrf5_sdk/nrf5_sdk/modules/nrfx/hal -I../../../third_party/nrf5_sdk/nrf5_sdk/modules/nrfx/drivers/src/prs -I../../../third_party/nrf5_sdk/nrf5_sdk/components/libraries/util -I../../../third_party/nrf5_sdk/nrf5_sdk/components/softdevice/s140/headers -I../../../third_party/nrf5_sdk/nrf5_sdk/components/softdevice/s140/headers/nrf52 -I../../../third_party/nrf5_sdk/nrf5_sdk/components/softdevice/common -I../../../third_party/nrf5_sdk/nrf5_sdk/components/softdevice/mbr/nrf52840/headers -I../../../third_party/nrf5_sdk/nrf5_sdk/components/libraries/fstorage -I../../../third_party/nrf5_sdk/nrf5_sdk/components/libraries/experimental_section_vars -I../../../third_party/nrf5_sdk/nrf5_sdk/components/libraries/atomic -I../../../third_party/nrf5_sdk/nrf5_sdk/components/libraries/crc32 -I../../../third_party/nrf5_sdk/nrf5_sdk/integration/nrfx/legacy -I../../../third_party/nrf5_sdk/nrf5_sdk/components/libraries/delay -I../../../third_party/nrf5_sdk/nrf5_sdk/components/libraries/log -I../../../third_party/nrf5_sdk/nrf5_sdk/components/libraries/log -I../../../third_party/nrf5_sdk/nrf5_sdk/components/libraries/log/src -I../../../third_party/nrf5_sdk/nrf5_sdk/components/libraries/experimental_section_vars -I../../../third_party/nrf5_sdk/nrf5_sdk/components/libraries/atomic -I../../../third_party/nrf5_sdk/nrf5_sdk/components/libraries/delay -I../../../third_party/nrf5_sdk/nrf5_sdk/components/libraries/queue -I../../../third_party/nrf5_sdk/nrf5_sdk/components/softdevice/common -I../../../third_party/nrf5_sdk/nrf5_sdk/components/softdevice/s140 -I../../../third_party/nrf5_sdk/nrf5_sdk/components/softdevice/s140/headers -I../../../third_party/nrf5_sdk/nrf5_sdk/components/softdevice/s140/headers/nrf52 -I../../../third_party/nrf5_sdk/nrf5_sdk/components/libraries/fifo -I../../../third_party/nrf5_sdk/nrf5_sdk/components/libraries/atomic_fifo -I../../../third_party/nrf5_sdk/nrf5_sdk/components/libraries/strerror -I../../../third_party/nrf5_sdk/nrf5_sdk/components/libraries/fstorage -I../../../third_party/nrf5_sdk/nrf5_sdk/components/libraries/atomic_flags -I../../../third_party/nrf5_sdk/nrf5_sdk/components/libraries/usbd -I../../../third_party/nrf5_sdk/nrf5_sdk/components/libraries/usbd/class/cdc -I../../../third_party/nrf5_sdk/nrf5_sdk/components/libraries/usbd/class/cdc/acm -I../../../third_party/nrf5_sdk/nrf5_sdk/components/ble/common -I../../../third_party/nrf5_sdk/nrf5_sdk/components/ble/nrf_ble_gatt -I../../../third_party/nrf5_sdk/nrf5_sdk/components/ble/ble_advertising -I../../../third_party/nrf5_sdk/nrf5_sdk/components/nfc/t2t_lib -I../../../third_party/nrf5_sdk/nrf5_sdk/components/nfc/platform -I../../../third_party/nrf5_sdk/nrf5_sdk/components/nfc/ndef/generic/message -I../../../third_party/nrf5_sdk/nrf5_sdk/components/nfc/ndef/generic/record -I../../../third_party/nrf5_sdk/nrf5_sdk/components/nfc/ndef/lauchapp -I../../../third_party/nrf5_sdk/nrf5_sdk/components/nfc/ndef/text -I../../../third_party/nrf5_sdk/nrf5_sdk/components/nfc/ndef/uri -I../../../third_party/nrf5_sdk/nrf5_sdk/external/nrf_cc310/include -I../../../third_party/nrf5_sdk/nrf5_sdk/external/utf_converter -I../../../third_party/littlefs/littlefs -I../../../third_party/miniz/miniz -I../../../platform/MCU/nRF52840/inc -I../../../modules/shared/nRF52840/inc/user-part -I. -MD -MP -MF target/workspace.elf.d -ffunction-sections -fdata-sections -Wall -Wno-switch -fmessage-length=0 -Wno-error=deprecated-declarations -Wno-error=unused-parameter -Wdeprecated-declarations -Wimplicit-fallthrough=2 -Wno-expansion-to-defined -Wno-cast-function-type -Wno-unused-parameter -Wno-error=type-limits -fno-strict-aliasing -DSPARK=1 -DPARTICLE=1 -Werror=return-type -Wundef -DSTART_DFU_FLASHER_SERIAL_SPEED=14400 -fno-builtin-malloc -fno-builtin-free -fno-builtin-realloc -DUSER_FIRMWARE_IMAGE_SIZE=0x40000 -DUSER_FIRMWARE_IMAGE_LOCATION=0xB4000 -DMODULAR_FIRMWARE=1 -DMODULE_VERSION=6 -DMODULE_FUNCTION=5 -DMODULE_INDEX=2 -DMODULE_DEPENDENCY=4,1,6305 -DMODULE_DEPENDENCY2=0,0,0 -D_GNU_SOURCE  target//obj/./src/user_module.o target//obj/./src/module_info.o target//obj/./src/user_export.o target//obj/./src/newlib_stubs.o --output target/workspace.elf -nostartfiles -Xlinker --gc-sections -Wl,--build-id -fno-use-cxa-atexit -fno-lto -L../../../build/arm/linker/nrf52840  -L../../../build/target/user/platform-12-m -L../../../build/target/services-dynalib/platform-12-m/ -L../../../build/target/hal-dynalib/platform-12-m/ -L../../../build/target/system-dynalib/platform-12-m/ -L../../../build/target/rt-dynalib/platform-12-m/ -L../../../build/target/wiring/platform-12-m/ -L../../../build/target/communication-dynalib/platform-12-m/ -L../../../build/target/platform/platform-12-m/ -L../../../build/target/nrf5_sdk/platform-12-m/ -L../../../build/target/littlefs/platform-12-m/ -L../../../build/target/miniz/platform-12-m/ -L../../../build/target/wiring_globals/platform-12-m/ -L../../../build/target/nrf5_sdk/platform-12-m -L../../../build/target/littlefs/platform-12-m -L../../../build/target/miniz/platform-12-m -L../../../build/arm/linker -Wl,--whole-archive -luser -lhal-dynalib -lservices-dynalib -lsystem-dynalib -lrt-dynalib -lwiring -lcommunication-dynalib -lplatform -lwiring_globals -lnrf5_sdk -llittlefs -lminiz -Wl,--no-whole-archive  -lnosys -L../../../modules/argon/system-part1 -L. -Ltarget/ -L../../../modules/shared/nRF52840 -T./linker.ld -Wl,--defsym,USER_FIRMWARE_IMAGE_SIZE=0x40000 -Wl,--defsym,USER_FIRMWARE_IMAGE_LOCATION=0xB4000 -Wl,-Map,target/workspace.map -Wl,--defsym,__STACKSIZE__=4096 -Wl,--defsym,__STACK_SIZE=4096
/root/.particle/toolchains/gcc-arm/10.2.1/bin/../lib/gcc/arm-none-eabi/10.2.1/../../../../arm-none-eabi/bin/ld: ../../../build/target/user/platform-12-mlibuser.a(main.o): in function `main_task()':
src/main.cpp:89: undefined reference to `mlkem_enc'
collect2: error: ld returned 1 exit status
make[1]: *** [target/workspace.elf] Error 1
make[1]: Leaving directory `/firmware/modules/argon/user-part'
make: *** [modules/argon/user-part] Error 2
